<?xml version="1.0" encoding="UTF-8"?>
<!-- Generated by org.testng.reporters.JUnitReportReporter -->
<testsuite skipped="0" hostname="DESKTOP-504DH91" name="com.vtiger.organiztionmoduletests.CreateOrgWithIndTypeTest" tests="1" failures="0" timestamp="2021-09-21T11:03:11 IST" time="18.544" errors="0">
  <testcase name="createOrgWithIndType" time="18.544" classname="com.vtiger.organiztionmoduletests.CreateOrgWithIndTypeTest"/>
  <system-out/>
</testsuite> <!-- com.vtiger.organiztionmoduletests.CreateOrgWithIndTypeTest -->
